{
  "RSpec": {
    "coverage": {
      "/home/kmgwaba/tic-tac-toe-rb-online-web-sp-000/lib/tic_tac_toe.rb": [
        null,
        1,
        null,
        null,
        null,
        null,
        null,
        null,
        null,
        null,
        null,
        1,
        5,
        5,
        5,
        5,
        5,
        null,
        null,
        1,
        13,
        null,
        null,
        1,
        2,
        null,
        null,
        1,
        15,
        null,
        null,
        1,
        13,
        null,
        null,
        1,
        10,
        10,
        10,
        10,
        9,
        0,
        null,
        1,
        null,
        null,
        null,
        1,
        2,
        2,
        18,
        5,
        null,
        null,
        2,
        null,
        null,
        1,
        null,
        1,
        1,
        1,
        null,
        0,
        null,
        null,
        null,
        1,
        47,
        null,
        222,
        222,
        222,
        null,
        222,
        222,
        222,
        null,
        222,
        18,
        null,
        204,
        10,
        null,
        null,
        null,
        19,
        null,
        null,
        1,
        16,
        83,
        null,
        null,
        null,
        null,
        1,
        13,
        7,
        null,
        6,
        null,
        null,
        null,
        1,
        11,
        7,
        null,
        4,
        null,
        null,
        null,
        1,
        10,
        9,
        null,
        null,
        null,
        1,
        0,
        0,
        0,
        0,
        null,
        null,
        null,
        1,
        12,
        7,
        null,
        5,
        3,
        3,
        2,
        2,
        null,
        null
      ]
    },
    "timestamp": 1569713096
  }
}
